<?xml version="1.0" encoding="UTF-8"?>
<!-- Generated by org.testng.reporters.JUnitReportReporter -->
<testsuite hostname="LAPTOP-FDVCNKN3" failures="0" tests="1" name="mvnTrainingPractice.LaunchBrowser" time="36.228" errors="0" timestamp="2022-05-30T16:21:01 BST" skipped="0">
  <testcase classname="mvnTrainingPractice.LaunchBrowser" name="launchBrowser" time="36.228"/>
  <system-out/>
</testsuite> <!-- mvnTrainingPractice.LaunchBrowser -->
